<?xml version="1.0" encoding="UTF-8"?>
<testng-results ignored="0" total="1" passed="1" failed="0" skipped="0">
  <reporter-output>
  </reporter-output>
  <suite started-at="2020-09-08T20:18:37 IST" name="TestPackage.TestTittle" finished-at="2020-09-08T20:18:43 IST" duration-ms="5865">
    <groups>
    </groups>
    <test started-at="2020-09-08T20:18:37 IST" name="Command line test" finished-at="2020-09-08T20:18:43 IST" duration-ms="5865">
      <class name="TestPackage.TestTittle">
        <test-method signature="TittleTest()[pri:0, instance:TestPackage.TestTittle@74a10858]" started-at="2020-09-08T20:18:37 IST" name="TittleTest" finished-at="2020-09-08T20:18:43 IST" duration-ms="5828" status="PASS">
          <reporter-output>
          </reporter-output>
        </test-method> <!-- TittleTest -->
      </class> <!-- TestPackage.TestTittle -->
    </test> <!-- Command line test -->
  </suite> <!-- TestPackage.TestTittle -->
</testng-results>
