<?xml version="1.0" encoding="UTF-8"?>
<testng-results ignored="0" total="1" passed="1" failed="0" skipped="0">
  <reporter-output>
  </reporter-output>
  <suite started-at="2020-09-08T20:08:29 IST" name="Default suite" finished-at="2020-09-08T20:08:39 IST" duration-ms="10020">
    <groups>
    </groups>
    <test started-at="2020-09-08T20:08:29 IST" name="Default test" finished-at="2020-09-08T20:08:39 IST" duration-ms="10020">
      <class name="TestPackage.TestTittle">
        <test-method signature="TittleTest()[pri:0, instance:TestPackage.TestTittle@747ddf94]" started-at="2020-09-08T20:08:29 IST" name="TittleTest" finished-at="2020-09-08T20:08:39 IST" duration-ms="9967" status="PASS">
          <reporter-output>
          </reporter-output>
        </test-method> <!-- TittleTest -->
      </class> <!-- TestPackage.TestTittle -->
    </test> <!-- Default test -->
  </suite> <!-- Default suite -->
</testng-results>
